[0.015s] Invoking command in '/home/yugo/ros2_ws/src/wheelctrl_ros/build/general_wheelctrl': CMAKE_PREFIX_PATH=${CMAKE_PREFIX_PATH}:/opt/ros/humble /usr/bin/cmake /home/yugo/ros2_ws/src/wheelctrl_ros/general_wheelctrl -DCMAKE_INSTALL_PREFIX=/home/yugo/ros2_ws/src/wheelctrl_ros/install/general_wheelctrl
[0.022s] -- Found ament_cmake: 1.3.2 (/opt/ros/humble/share/ament_cmake/cmake)
[0.132s] -- Found std_msgs: 4.2.2 (/opt/ros/humble/share/std_msgs/cmake)
[0.295s] -- Found rosidl_generator_c: 3.1.3 (/opt/ros/humble/share/rosidl_generator_c/cmake)
[0.297s] -- Found rosidl_adapter: 3.1.3 (/opt/ros/humble/share/rosidl_adapter/cmake)
[0.302s] -- Found rosidl_generator_cpp: 3.1.3 (/opt/ros/humble/share/rosidl_generator_cpp/cmake)
[0.311s] -- Using all available rosidl_typesupport_c: rosidl_typesupport_fastrtps_c;rosidl_typesupport_introspection_c
[0.325s] -- Using all available rosidl_typesupport_cpp: rosidl_typesupport_fastrtps_cpp;rosidl_typesupport_introspection_cpp
[0.371s] -- Found rclcpp: 16.0.1 (/opt/ros/humble/share/rclcpp/cmake)
[0.411s] -- Found rmw_implementation_cmake: 6.1.0 (/opt/ros/humble/share/rmw_implementation_cmake/cmake)
[0.412s] -- Found rmw_fastrtps_cpp: 6.2.1 (/opt/ros/humble/share/rmw_fastrtps_cpp/cmake)
[6.507s] -- Using RMW implementation 'rmw_fastrtps_cpp' as default
[6.618s] -- Found ament_lint_auto: 0.12.4 (/opt/ros/humble/share/ament_lint_auto/cmake)
[6.676s] -- Added test 'cppcheck' to perform static code analysis on C / C++ code
[6.676s] -- Configured cppcheck include dirs: 
[6.676s] -- Configured cppcheck exclude dirs and/or files: 
[6.677s] -- Added test 'lint_cmake' to check CMake code style
[6.678s] -- Added test 'uncrustify' to check C / C++ code style
[6.678s] -- Configured uncrustify additional arguments: 
[6.678s] -- Added test 'xmllint' to check XML markup files
[6.679s] -- Configuring done
[6.682s] [31mCMake Error at CMakeLists.txt:14 (add_executable):
[6.682s]   Cannot find source file:
[6.682s] 
[6.682s]     src/sample.cpp
[6.683s] 
[6.683s]   Tried extensions .c .C .c++ .cc .cpp .cxx .cu .mpp .m .M .mm .ixx .cppm .h
[6.683s]   .hh .h++ .hm .hpp .hxx .in .txx .f .F .for .f77 .f90 .f95 .f03 .hip .ispc
[6.683s] 
[6.683s] [0m
[6.683s] [31mCMake Error at CMakeLists.txt:14 (add_executable):
[6.684s]   No SOURCES given to target: general_wheelctrl
[6.684s] 
[6.684s] [0m
[6.684s] [0mCMake Generate step failed.  Build files cannot be regenerated correctly.[0m
[6.690s] Invoked command in '/home/yugo/ros2_ws/src/wheelctrl_ros/build/general_wheelctrl' returned '1': CMAKE_PREFIX_PATH=${CMAKE_PREFIX_PATH}:/opt/ros/humble /usr/bin/cmake /home/yugo/ros2_ws/src/wheelctrl_ros/general_wheelctrl -DCMAKE_INSTALL_PREFIX=/home/yugo/ros2_ws/src/wheelctrl_ros/install/general_wheelctrl
