[0.318s] DEBUG:colcon:Command line arguments: ['/usr/bin/colcon', 'build', '--packages-select', 'general_wheelctrl']
[0.318s] DEBUG:colcon:Parsed command line arguments: Namespace(log_base=None, log_level=None, verb_name='build', build_base='build', install_base='install', merge_install=False, symlink_install=False, test_result_base=None, continue_on_error=False, executor='parallel', parallel_workers=8, event_handlers=None, ignore_user_meta=False, metas=['./colcon.meta'], base_paths=['.'], packages_ignore=None, packages_ignore_regex=None, paths=None, packages_up_to=None, packages_up_to_regex=None, packages_above=None, packages_above_and_dependencies=None, packages_above_depth=None, packages_select_by_dep=None, packages_skip_by_dep=None, packages_skip_up_to=None, packages_select_build_failed=False, packages_skip_build_finished=False, packages_select_test_failures=False, packages_skip_test_passed=False, packages_select=['general_wheelctrl'], packages_skip=None, packages_select_regex=None, packages_skip_regex=None, packages_start=None, packages_end=None, allow_overriding=[], cmake_args=None, cmake_target=None, cmake_target_skip_unavailable=False, cmake_clean_cache=False, cmake_clean_first=False, cmake_force_configure=False, ament_cmake_args=None, catkin_cmake_args=None, catkin_skip_building_tests=False, verb_parser=<colcon_defaults.argument_parser.defaults.DefaultArgumentsDecorator object at 0x7f16204d4c40>, verb_extension=<colcon_core.verb.build.BuildVerb object at 0x7f1620df5600>, main=<bound method BuildVerb.main of <colcon_core.verb.build.BuildVerb object at 0x7f1620df5600>>)
[0.337s] Level 1:colcon.colcon_core.package_discovery:discover_packages(colcon_meta) check parameters
[0.337s] Level 1:colcon.colcon_core.package_discovery:discover_packages(recursive) check parameters
[0.337s] Level 1:colcon.colcon_core.package_discovery:discover_packages(ignore) check parameters
[0.337s] Level 1:colcon.colcon_core.package_discovery:discover_packages(path) check parameters
[0.337s] Level 1:colcon.colcon_core.package_discovery:discover_packages(colcon_meta) discover
[0.337s] Level 1:colcon.colcon_core.package_discovery:discover_packages(recursive) discover
[0.337s] INFO:colcon.colcon_core.package_discovery:Crawling recursively for packages in '/home/yugo/ros2_ws/src/wheelctrl_ros'
[0.337s] Level 1:colcon.colcon_core.package_identification:_identify(.) by extensions ['ignore', 'ignore_ament_install']
[0.337s] Level 1:colcon.colcon_core.package_identification:_identify(.) by extension 'ignore'
[0.337s] Level 1:colcon.colcon_core.package_identification:_identify(.) by extension 'ignore_ament_install'
[0.337s] Level 1:colcon.colcon_core.package_identification:_identify(.) by extensions ['colcon_pkg']
[0.337s] Level 1:colcon.colcon_core.package_identification:_identify(.) by extension 'colcon_pkg'
[0.337s] Level 1:colcon.colcon_core.package_identification:_identify(.) by extensions ['colcon_meta']
[0.338s] Level 1:colcon.colcon_core.package_identification:_identify(.) by extension 'colcon_meta'
[0.338s] Level 1:colcon.colcon_core.package_identification:_identify(.) by extensions ['ros']
[0.338s] Level 1:colcon.colcon_core.package_identification:_identify(.) by extension 'ros'
[0.360s] Level 1:colcon.colcon_core.package_identification:_identify(.) by extensions ['cmake', 'python']
[0.360s] Level 1:colcon.colcon_core.package_identification:_identify(.) by extension 'cmake'
[0.360s] Level 1:colcon.colcon_core.package_identification:_identify(.) by extension 'python'
[0.360s] Level 1:colcon.colcon_core.package_identification:_identify(.) by extensions ['python_setup_py']
[0.360s] Level 1:colcon.colcon_core.package_identification:_identify(.) by extension 'python_setup_py'
[0.360s] Level 1:colcon.colcon_core.package_identification:_identify(build) by extensions ['ignore', 'ignore_ament_install']
[0.361s] Level 1:colcon.colcon_core.package_identification:_identify(build) by extension 'ignore'
[0.361s] Level 1:colcon.colcon_core.package_identification:_identify(build) ignored
[0.361s] Level 1:colcon.colcon_core.package_identification:_identify(general_wheelctrl) by extensions ['ignore', 'ignore_ament_install']
[0.361s] Level 1:colcon.colcon_core.package_identification:_identify(general_wheelctrl) by extension 'ignore'
[0.361s] Level 1:colcon.colcon_core.package_identification:_identify(general_wheelctrl) by extension 'ignore_ament_install'
[0.361s] Level 1:colcon.colcon_core.package_identification:_identify(general_wheelctrl) by extensions ['colcon_pkg']
[0.361s] Level 1:colcon.colcon_core.package_identification:_identify(general_wheelctrl) by extension 'colcon_pkg'
[0.361s] Level 1:colcon.colcon_core.package_identification:_identify(general_wheelctrl) by extensions ['colcon_meta']
[0.361s] Level 1:colcon.colcon_core.package_identification:_identify(general_wheelctrl) by extension 'colcon_meta'
[0.361s] Level 1:colcon.colcon_core.package_identification:_identify(general_wheelctrl) by extensions ['ros']
[0.361s] Level 1:colcon.colcon_core.package_identification:_identify(general_wheelctrl) by extension 'ros'
[0.363s] DEBUG:colcon.colcon_core.package_identification:Package 'general_wheelctrl' with type 'ros.ament_cmake' and name 'general_wheelctrl'
[0.363s] Level 1:colcon.colcon_core.package_identification:_identify(install) by extensions ['ignore', 'ignore_ament_install']
[0.363s] Level 1:colcon.colcon_core.package_identification:_identify(install) by extension 'ignore'
[0.363s] Level 1:colcon.colcon_core.package_identification:_identify(install) ignored
[0.364s] Level 1:colcon.colcon_core.package_identification:_identify(log) by extensions ['ignore', 'ignore_ament_install']
[0.364s] Level 1:colcon.colcon_core.package_identification:_identify(log) by extension 'ignore'
[0.364s] Level 1:colcon.colcon_core.package_identification:_identify(log) ignored
[0.364s] Level 1:colcon.colcon_core.package_identification:_identify(measure_wheel_odom_publisher) by extensions ['ignore', 'ignore_ament_install']
[0.364s] Level 1:colcon.colcon_core.package_identification:_identify(measure_wheel_odom_publisher) by extension 'ignore'
[0.364s] Level 1:colcon.colcon_core.package_identification:_identify(measure_wheel_odom_publisher) by extension 'ignore_ament_install'
[0.364s] Level 1:colcon.colcon_core.package_identification:_identify(measure_wheel_odom_publisher) by extensions ['colcon_pkg']
[0.364s] Level 1:colcon.colcon_core.package_identification:_identify(measure_wheel_odom_publisher) by extension 'colcon_pkg'
[0.364s] Level 1:colcon.colcon_core.package_identification:_identify(measure_wheel_odom_publisher) by extensions ['colcon_meta']
[0.364s] Level 1:colcon.colcon_core.package_identification:_identify(measure_wheel_odom_publisher) by extension 'colcon_meta'
[0.364s] Level 1:colcon.colcon_core.package_identification:_identify(measure_wheel_odom_publisher) by extensions ['ros']
[0.364s] Level 1:colcon.colcon_core.package_identification:_identify(measure_wheel_odom_publisher) by extension 'ros'
[0.365s] DEBUG:colcon.colcon_core.package_identification:Package 'measure_wheel_odom_publisher' with type 'ros.catkin' and name 'measure_wheel_odom_publisher'
[0.365s] Level 1:colcon.colcon_core.package_identification:_identify(mecanum_odom_publisher) by extensions ['ignore', 'ignore_ament_install']
[0.365s] Level 1:colcon.colcon_core.package_identification:_identify(mecanum_odom_publisher) by extension 'ignore'
[0.365s] Level 1:colcon.colcon_core.package_identification:_identify(mecanum_odom_publisher) by extension 'ignore_ament_install'
[0.365s] Level 1:colcon.colcon_core.package_identification:_identify(mecanum_odom_publisher) by extensions ['colcon_pkg']
[0.365s] Level 1:colcon.colcon_core.package_identification:_identify(mecanum_odom_publisher) by extension 'colcon_pkg'
[0.365s] Level 1:colcon.colcon_core.package_identification:_identify(mecanum_odom_publisher) by extensions ['colcon_meta']
[0.365s] Level 1:colcon.colcon_core.package_identification:_identify(mecanum_odom_publisher) by extension 'colcon_meta'
[0.365s] Level 1:colcon.colcon_core.package_identification:_identify(mecanum_odom_publisher) by extensions ['ros']
[0.365s] Level 1:colcon.colcon_core.package_identification:_identify(mecanum_odom_publisher) by extension 'ros'
[0.366s] DEBUG:colcon.colcon_core.package_identification:Package 'mecanum_odom_publisher' with type 'ros.catkin' and name 'mecanum_odom_publisher'
[0.366s] Level 1:colcon.colcon_core.package_identification:_identify(mecanum_wheelctrl) by extensions ['ignore', 'ignore_ament_install']
[0.366s] Level 1:colcon.colcon_core.package_identification:_identify(mecanum_wheelctrl) by extension 'ignore'
[0.366s] Level 1:colcon.colcon_core.package_identification:_identify(mecanum_wheelctrl) by extension 'ignore_ament_install'
[0.366s] Level 1:colcon.colcon_core.package_identification:_identify(mecanum_wheelctrl) by extensions ['colcon_pkg']
[0.367s] Level 1:colcon.colcon_core.package_identification:_identify(mecanum_wheelctrl) by extension 'colcon_pkg'
[0.367s] Level 1:colcon.colcon_core.package_identification:_identify(mecanum_wheelctrl) by extensions ['colcon_meta']
[0.367s] Level 1:colcon.colcon_core.package_identification:_identify(mecanum_wheelctrl) by extension 'colcon_meta'
[0.367s] Level 1:colcon.colcon_core.package_identification:_identify(mecanum_wheelctrl) by extensions ['ros']
[0.367s] Level 1:colcon.colcon_core.package_identification:_identify(mecanum_wheelctrl) by extension 'ros'
[0.367s] DEBUG:colcon.colcon_core.package_identification:Package 'mecanum_wheelctrl' with type 'ros.catkin' and name 'mecanum_wheelctrl'
[0.368s] Level 1:colcon.colcon_core.package_identification:_identify(omni_odom_publisher) by extensions ['ignore', 'ignore_ament_install']
[0.368s] Level 1:colcon.colcon_core.package_identification:_identify(omni_odom_publisher) by extension 'ignore'
[0.368s] Level 1:colcon.colcon_core.package_identification:_identify(omni_odom_publisher) by extension 'ignore_ament_install'
[0.368s] Level 1:colcon.colcon_core.package_identification:_identify(omni_odom_publisher) by extensions ['colcon_pkg']
[0.368s] Level 1:colcon.colcon_core.package_identification:_identify(omni_odom_publisher) by extension 'colcon_pkg'
[0.368s] Level 1:colcon.colcon_core.package_identification:_identify(omni_odom_publisher) by extensions ['colcon_meta']
[0.368s] Level 1:colcon.colcon_core.package_identification:_identify(omni_odom_publisher) by extension 'colcon_meta'
[0.368s] Level 1:colcon.colcon_core.package_identification:_identify(omni_odom_publisher) by extensions ['ros']
[0.368s] Level 1:colcon.colcon_core.package_identification:_identify(omni_odom_publisher) by extension 'ros'
[0.369s] DEBUG:colcon.colcon_core.package_identification:Package 'omni_odom_publisher' with type 'ros.catkin' and name 'omni_odom_publisher'
[0.369s] Level 1:colcon.colcon_core.package_identification:_identify(omni_wheelctrl) by extensions ['ignore', 'ignore_ament_install']
[0.369s] Level 1:colcon.colcon_core.package_identification:_identify(omni_wheelctrl) by extension 'ignore'
[0.369s] Level 1:colcon.colcon_core.package_identification:_identify(omni_wheelctrl) by extension 'ignore_ament_install'
[0.369s] Level 1:colcon.colcon_core.package_identification:_identify(omni_wheelctrl) by extensions ['colcon_pkg']
[0.369s] Level 1:colcon.colcon_core.package_identification:_identify(omni_wheelctrl) by extension 'colcon_pkg'
[0.369s] Level 1:colcon.colcon_core.package_identification:_identify(omni_wheelctrl) by extensions ['colcon_meta']
[0.369s] Level 1:colcon.colcon_core.package_identification:_identify(omni_wheelctrl) by extension 'colcon_meta'
[0.369s] Level 1:colcon.colcon_core.package_identification:_identify(omni_wheelctrl) by extensions ['ros']
[0.369s] Level 1:colcon.colcon_core.package_identification:_identify(omni_wheelctrl) by extension 'ros'
[0.370s] DEBUG:colcon.colcon_core.package_identification:Package 'omni_wheelctrl' with type 'ros.catkin' and name 'omni_wheelctrl'
[0.370s] Level 1:colcon.colcon_core.package_identification:_identify(swerve_odom_publisher) by extensions ['ignore', 'ignore_ament_install']
[0.370s] Level 1:colcon.colcon_core.package_identification:_identify(swerve_odom_publisher) by extension 'ignore'
[0.370s] Level 1:colcon.colcon_core.package_identification:_identify(swerve_odom_publisher) by extension 'ignore_ament_install'
[0.370s] Level 1:colcon.colcon_core.package_identification:_identify(swerve_odom_publisher) by extensions ['colcon_pkg']
[0.370s] Level 1:colcon.colcon_core.package_identification:_identify(swerve_odom_publisher) by extension 'colcon_pkg'
[0.370s] Level 1:colcon.colcon_core.package_identification:_identify(swerve_odom_publisher) by extensions ['colcon_meta']
[0.370s] Level 1:colcon.colcon_core.package_identification:_identify(swerve_odom_publisher) by extension 'colcon_meta'
[0.370s] Level 1:colcon.colcon_core.package_identification:_identify(swerve_odom_publisher) by extensions ['ros']
[0.370s] Level 1:colcon.colcon_core.package_identification:_identify(swerve_odom_publisher) by extension 'ros'
[0.371s] DEBUG:colcon.colcon_core.package_identification:Package 'swerve_odom_publisher' with type 'ros.catkin' and name 'swerve_odom_publisher'
[0.371s] Level 1:colcon.colcon_core.package_identification:_identify(swerve_wheelctrl) by extensions ['ignore', 'ignore_ament_install']
[0.371s] Level 1:colcon.colcon_core.package_identification:_identify(swerve_wheelctrl) by extension 'ignore'
[0.371s] Level 1:colcon.colcon_core.package_identification:_identify(swerve_wheelctrl) by extension 'ignore_ament_install'
[0.372s] Level 1:colcon.colcon_core.package_identification:_identify(swerve_wheelctrl) by extensions ['colcon_pkg']
[0.372s] Level 1:colcon.colcon_core.package_identification:_identify(swerve_wheelctrl) by extension 'colcon_pkg'
[0.372s] Level 1:colcon.colcon_core.package_identification:_identify(swerve_wheelctrl) by extensions ['colcon_meta']
[0.372s] Level 1:colcon.colcon_core.package_identification:_identify(swerve_wheelctrl) by extension 'colcon_meta'
[0.372s] Level 1:colcon.colcon_core.package_identification:_identify(swerve_wheelctrl) by extensions ['ros']
[0.372s] Level 1:colcon.colcon_core.package_identification:_identify(swerve_wheelctrl) by extension 'ros'
[0.373s] DEBUG:colcon.colcon_core.package_identification:Package 'swerve_wheelctrl' with type 'ros.catkin' and name 'swerve_wheelctrl'
[0.373s] Level 1:colcon.colcon_core.package_discovery:discover_packages(recursive) using defaults
[0.373s] Level 1:colcon.colcon_core.package_discovery:discover_packages(ignore) discover
[0.373s] Level 1:colcon.colcon_core.package_discovery:discover_packages(ignore) using defaults
[0.373s] Level 1:colcon.colcon_core.package_discovery:discover_packages(path) discover
[0.373s] Level 1:colcon.colcon_core.package_discovery:discover_packages(path) using defaults
[0.392s] INFO:colcon.colcon_core.package_selection:Skipping not selected package 'measure_wheel_odom_publisher' in 'measure_wheel_odom_publisher'
[0.392s] INFO:colcon.colcon_core.package_selection:Skipping not selected package 'mecanum_odom_publisher' in 'mecanum_odom_publisher'
[0.392s] INFO:colcon.colcon_core.package_selection:Skipping not selected package 'mecanum_wheelctrl' in 'mecanum_wheelctrl'
[0.392s] INFO:colcon.colcon_core.package_selection:Skipping not selected package 'omni_odom_publisher' in 'omni_odom_publisher'
[0.392s] INFO:colcon.colcon_core.package_selection:Skipping not selected package 'omni_wheelctrl' in 'omni_wheelctrl'
[0.392s] INFO:colcon.colcon_core.package_selection:Skipping not selected package 'swerve_odom_publisher' in 'swerve_odom_publisher'
[0.392s] INFO:colcon.colcon_core.package_selection:Skipping not selected package 'swerve_wheelctrl' in 'swerve_wheelctrl'
[0.393s] Level 1:colcon.colcon_core.package_discovery:discover_packages(prefix_path) check parameters
[0.393s] Level 1:colcon.colcon_core.package_discovery:discover_packages(prefix_path) discover
[0.395s] DEBUG:colcon.colcon_installed_package_information.package_discovery:Found 1 installed packages in /home/yugo/ros2_ws/src/install
[0.396s] DEBUG:colcon.colcon_installed_package_information.package_discovery:Found 270 installed packages in /opt/ros/humble
[0.397s] Level 1:colcon.colcon_core.package_discovery:discover_packages(prefix_path) using defaults
[0.440s] Level 5:colcon.colcon_core.verb:set package 'general_wheelctrl' build argument 'cmake_args' from command line to 'None'
[0.441s] Level 5:colcon.colcon_core.verb:set package 'general_wheelctrl' build argument 'cmake_target' from command line to 'None'
[0.441s] Level 5:colcon.colcon_core.verb:set package 'general_wheelctrl' build argument 'cmake_target_skip_unavailable' from command line to 'False'
[0.441s] Level 5:colcon.colcon_core.verb:set package 'general_wheelctrl' build argument 'cmake_clean_cache' from command line to 'False'
[0.441s] Level 5:colcon.colcon_core.verb:set package 'general_wheelctrl' build argument 'cmake_clean_first' from command line to 'False'
[0.441s] Level 5:colcon.colcon_core.verb:set package 'general_wheelctrl' build argument 'cmake_force_configure' from command line to 'False'
[0.441s] Level 5:colcon.colcon_core.verb:set package 'general_wheelctrl' build argument 'ament_cmake_args' from command line to 'None'
[0.441s] Level 5:colcon.colcon_core.verb:set package 'general_wheelctrl' build argument 'catkin_cmake_args' from command line to 'None'
[0.441s] Level 5:colcon.colcon_core.verb:set package 'general_wheelctrl' build argument 'catkin_skip_building_tests' from command line to 'False'
[0.441s] DEBUG:colcon.colcon_core.verb:Building package 'general_wheelctrl' with the following arguments: {'ament_cmake_args': None, 'build_base': '/home/yugo/ros2_ws/src/wheelctrl_ros/build/general_wheelctrl', 'catkin_cmake_args': None, 'catkin_skip_building_tests': False, 'cmake_args': None, 'cmake_clean_cache': False, 'cmake_clean_first': False, 'cmake_force_configure': False, 'cmake_target': None, 'cmake_target_skip_unavailable': False, 'install_base': '/home/yugo/ros2_ws/src/wheelctrl_ros/install/general_wheelctrl', 'merge_install': False, 'path': '/home/yugo/ros2_ws/src/wheelctrl_ros/general_wheelctrl', 'symlink_install': False, 'test_result_base': None}
[0.441s] INFO:colcon.colcon_core.executor:Executing jobs using 'parallel' executor
[0.445s] DEBUG:colcon.colcon_parallel_executor.executor.parallel:run_until_complete
[0.446s] INFO:colcon.colcon_ros.task.ament_cmake.build:Building ROS package in '/home/yugo/ros2_ws/src/wheelctrl_ros/general_wheelctrl' with build type 'ament_cmake'
[0.446s] INFO:colcon.colcon_cmake.task.cmake.build:Building CMake package in '/home/yugo/ros2_ws/src/wheelctrl_ros/general_wheelctrl'
[0.451s] INFO:colcon.colcon_core.plugin_system:Skipping extension 'colcon_core.shell.bat': Not used on non-Windows systems
[0.451s] INFO:colcon.colcon_core.shell:Skip shell extension 'powershell' for command environment: Not usable outside of PowerShell
[0.451s] DEBUG:colcon.colcon_core.shell:Skip shell extension 'dsv' for command environment
[0.463s] DEBUG:colcon.colcon_core.event_handler.log_command:Invoking command in '/home/yugo/ros2_ws/src/wheelctrl_ros/build/general_wheelctrl': CMAKE_PREFIX_PATH=${CMAKE_PREFIX_PATH}:/opt/ros/humble /usr/bin/cmake /home/yugo/ros2_ws/src/wheelctrl_ros/general_wheelctrl -DCMAKE_INSTALL_PREFIX=/home/yugo/ros2_ws/src/wheelctrl_ros/install/general_wheelctrl
[7.158s] DEBUG:colcon.colcon_core.event_handler.log_command:Invoked command in '/home/yugo/ros2_ws/src/wheelctrl_ros/build/general_wheelctrl' returned '0': CMAKE_PREFIX_PATH=${CMAKE_PREFIX_PATH}:/opt/ros/humble /usr/bin/cmake /home/yugo/ros2_ws/src/wheelctrl_ros/general_wheelctrl -DCMAKE_INSTALL_PREFIX=/home/yugo/ros2_ws/src/wheelctrl_ros/install/general_wheelctrl
[7.159s] DEBUG:colcon.colcon_core.event_handler.log_command:Invoking command in '/home/yugo/ros2_ws/src/wheelctrl_ros/build/general_wheelctrl': CMAKE_PREFIX_PATH=${CMAKE_PREFIX_PATH}:/opt/ros/humble /usr/bin/cmake --build /home/yugo/ros2_ws/src/wheelctrl_ros/build/general_wheelctrl -- -j8 -l8
[10.182s] DEBUG:colcon.colcon_core.event_handler.log_command:Invoked command in '/home/yugo/ros2_ws/src/wheelctrl_ros/build/general_wheelctrl' returned '0': CMAKE_PREFIX_PATH=${CMAKE_PREFIX_PATH}:/opt/ros/humble /usr/bin/cmake --build /home/yugo/ros2_ws/src/wheelctrl_ros/build/general_wheelctrl -- -j8 -l8
[10.208s] DEBUG:colcon.colcon_core.event_handler.log_command:Invoking command in '/home/yugo/ros2_ws/src/wheelctrl_ros/build/general_wheelctrl': CMAKE_PREFIX_PATH=${CMAKE_PREFIX_PATH}:/opt/ros/humble /usr/bin/cmake --install /home/yugo/ros2_ws/src/wheelctrl_ros/build/general_wheelctrl
[10.217s] Level 1:colcon.colcon_core.environment:create_environment_scripts_only(general_wheelctrl)
[10.218s] DEBUG:colcon.colcon_core.event_handler.log_command:Invoked command in '/home/yugo/ros2_ws/src/wheelctrl_ros/build/general_wheelctrl' returned '0': CMAKE_PREFIX_PATH=${CMAKE_PREFIX_PATH}:/opt/ros/humble /usr/bin/cmake --install /home/yugo/ros2_ws/src/wheelctrl_ros/build/general_wheelctrl
[10.221s] Level 1:colcon.colcon_core.environment:checking '/home/yugo/ros2_ws/src/wheelctrl_ros/install/general_wheelctrl' for CMake module files
[10.221s] Level 1:colcon.colcon_core.environment:checking '/home/yugo/ros2_ws/src/wheelctrl_ros/install/general_wheelctrl' for CMake config files
[10.221s] Level 1:colcon.colcon_core.shell:create_environment_hook('general_wheelctrl', 'cmake_prefix_path')
[10.223s] INFO:colcon.colcon_core.shell:Creating environment hook '/home/yugo/ros2_ws/src/wheelctrl_ros/install/general_wheelctrl/share/general_wheelctrl/hook/cmake_prefix_path.ps1'
[10.223s] INFO:colcon.colcon_core.shell:Creating environment descriptor '/home/yugo/ros2_ws/src/wheelctrl_ros/install/general_wheelctrl/share/general_wheelctrl/hook/cmake_prefix_path.dsv'
[10.224s] INFO:colcon.colcon_core.shell:Creating environment hook '/home/yugo/ros2_ws/src/wheelctrl_ros/install/general_wheelctrl/share/general_wheelctrl/hook/cmake_prefix_path.sh'
[10.224s] Level 1:colcon.colcon_core.environment:checking '/home/yugo/ros2_ws/src/wheelctrl_ros/install/general_wheelctrl/lib'
[10.225s] Level 1:colcon.colcon_core.environment:checking '/home/yugo/ros2_ws/src/wheelctrl_ros/install/general_wheelctrl/bin'
[10.225s] Level 1:colcon.colcon_core.environment:checking '/home/yugo/ros2_ws/src/wheelctrl_ros/install/general_wheelctrl/lib/pkgconfig/general_wheelctrl.pc'
[10.225s] Level 1:colcon.colcon_core.environment:checking '/home/yugo/ros2_ws/src/wheelctrl_ros/install/general_wheelctrl/lib/python3.10/site-packages'
[10.225s] Level 1:colcon.colcon_core.environment:checking '/home/yugo/ros2_ws/src/wheelctrl_ros/install/general_wheelctrl/bin'
[10.226s] INFO:colcon.colcon_core.shell:Creating package script '/home/yugo/ros2_ws/src/wheelctrl_ros/install/general_wheelctrl/share/general_wheelctrl/package.ps1'
[10.227s] INFO:colcon.colcon_core.shell:Creating package descriptor '/home/yugo/ros2_ws/src/wheelctrl_ros/install/general_wheelctrl/share/general_wheelctrl/package.dsv'
[10.227s] INFO:colcon.colcon_core.shell:Creating package script '/home/yugo/ros2_ws/src/wheelctrl_ros/install/general_wheelctrl/share/general_wheelctrl/package.sh'
[10.228s] INFO:colcon.colcon_core.shell:Creating package script '/home/yugo/ros2_ws/src/wheelctrl_ros/install/general_wheelctrl/share/general_wheelctrl/package.bash'
[10.229s] INFO:colcon.colcon_core.shell:Creating package script '/home/yugo/ros2_ws/src/wheelctrl_ros/install/general_wheelctrl/share/general_wheelctrl/package.zsh'
[10.230s] Level 1:colcon.colcon_core.environment:create_file_with_runtime_dependencies(/home/yugo/ros2_ws/src/wheelctrl_ros/install/general_wheelctrl/share/colcon-core/packages/general_wheelctrl)
[10.250s] Level 1:colcon.colcon_core.environment:create_environment_scripts_only(general_wheelctrl)
[10.251s] Level 1:colcon.colcon_core.environment:checking '/home/yugo/ros2_ws/src/wheelctrl_ros/install/general_wheelctrl' for CMake module files
[10.252s] Level 1:colcon.colcon_core.environment:checking '/home/yugo/ros2_ws/src/wheelctrl_ros/install/general_wheelctrl' for CMake config files
[10.252s] Level 1:colcon.colcon_core.shell:create_environment_hook('general_wheelctrl', 'cmake_prefix_path')
[10.253s] INFO:colcon.colcon_core.shell:Creating environment hook '/home/yugo/ros2_ws/src/wheelctrl_ros/install/general_wheelctrl/share/general_wheelctrl/hook/cmake_prefix_path.ps1'
[10.253s] INFO:colcon.colcon_core.shell:Creating environment descriptor '/home/yugo/ros2_ws/src/wheelctrl_ros/install/general_wheelctrl/share/general_wheelctrl/hook/cmake_prefix_path.dsv'
[10.253s] INFO:colcon.colcon_core.shell:Creating environment hook '/home/yugo/ros2_ws/src/wheelctrl_ros/install/general_wheelctrl/share/general_wheelctrl/hook/cmake_prefix_path.sh'
[10.254s] Level 1:colcon.colcon_core.environment:checking '/home/yugo/ros2_ws/src/wheelctrl_ros/install/general_wheelctrl/lib'
[10.254s] Level 1:colcon.colcon_core.environment:checking '/home/yugo/ros2_ws/src/wheelctrl_ros/install/general_wheelctrl/bin'
[10.254s] Level 1:colcon.colcon_core.environment:checking '/home/yugo/ros2_ws/src/wheelctrl_ros/install/general_wheelctrl/lib/pkgconfig/general_wheelctrl.pc'
[10.254s] Level 1:colcon.colcon_core.environment:checking '/home/yugo/ros2_ws/src/wheelctrl_ros/install/general_wheelctrl/lib/python3.10/site-packages'
[10.255s] Level 1:colcon.colcon_core.environment:checking '/home/yugo/ros2_ws/src/wheelctrl_ros/install/general_wheelctrl/bin'
[10.256s] INFO:colcon.colcon_core.shell:Creating package script '/home/yugo/ros2_ws/src/wheelctrl_ros/install/general_wheelctrl/share/general_wheelctrl/package.ps1'
[10.256s] INFO:colcon.colcon_core.shell:Creating package descriptor '/home/yugo/ros2_ws/src/wheelctrl_ros/install/general_wheelctrl/share/general_wheelctrl/package.dsv'
[10.257s] INFO:colcon.colcon_core.shell:Creating package script '/home/yugo/ros2_ws/src/wheelctrl_ros/install/general_wheelctrl/share/general_wheelctrl/package.sh'
[10.257s] INFO:colcon.colcon_core.shell:Creating package script '/home/yugo/ros2_ws/src/wheelctrl_ros/install/general_wheelctrl/share/general_wheelctrl/package.bash'
[10.257s] INFO:colcon.colcon_core.shell:Creating package script '/home/yugo/ros2_ws/src/wheelctrl_ros/install/general_wheelctrl/share/general_wheelctrl/package.zsh'
[10.258s] Level 1:colcon.colcon_core.environment:create_file_with_runtime_dependencies(/home/yugo/ros2_ws/src/wheelctrl_ros/install/general_wheelctrl/share/colcon-core/packages/general_wheelctrl)
[10.258s] DEBUG:colcon.colcon_parallel_executor.executor.parallel:closing loop
[10.259s] DEBUG:colcon.colcon_parallel_executor.executor.parallel:loop closed
[10.259s] DEBUG:colcon.colcon_parallel_executor.executor.parallel:run_until_complete finished with '0'
[10.259s] DEBUG:colcon.colcon_core.event_reactor:joining thread
[10.314s] INFO:colcon.colcon_core.plugin_system:Skipping extension 'colcon_notification.desktop_notification.notify_send': Could not find 'notify-send'
[10.315s] INFO:colcon.colcon_core.plugin_system:Skipping extension 'colcon_notification.desktop_notification.terminal_notifier': Not used on non-Darwin systems
[10.315s] INFO:colcon.colcon_core.plugin_system:Skipping extension 'colcon_notification.desktop_notification.win32': Not used on non-Windows systems
[10.315s] INFO:colcon.colcon_notification.desktop_notification:Sending desktop notification using 'notify2'
[10.320s] DEBUG:colcon.colcon_notification.desktop_notification.notify2:Failed to initialize notify2: org.freedesktop.DBus.Error.ServiceUnknown: The name org.freedesktop.Notifications was not provided by any .service files
[10.321s] DEBUG:colcon.colcon_core.event_reactor:joined thread
[10.322s] INFO:colcon.colcon_core.shell:Creating prefix script '/home/yugo/ros2_ws/src/wheelctrl_ros/install/local_setup.ps1'
[10.323s] INFO:colcon.colcon_core.shell:Creating prefix util module '/home/yugo/ros2_ws/src/wheelctrl_ros/install/_local_setup_util_ps1.py'
[10.324s] INFO:colcon.colcon_core.shell:Creating prefix chain script '/home/yugo/ros2_ws/src/wheelctrl_ros/install/setup.ps1'
[10.326s] INFO:colcon.colcon_core.shell:Creating prefix script '/home/yugo/ros2_ws/src/wheelctrl_ros/install/local_setup.sh'
[10.327s] INFO:colcon.colcon_core.shell:Creating prefix util module '/home/yugo/ros2_ws/src/wheelctrl_ros/install/_local_setup_util_sh.py'
[10.327s] INFO:colcon.colcon_core.shell:Creating prefix chain script '/home/yugo/ros2_ws/src/wheelctrl_ros/install/setup.sh'
[10.329s] INFO:colcon.colcon_core.shell:Creating prefix script '/home/yugo/ros2_ws/src/wheelctrl_ros/install/local_setup.bash'
[10.329s] INFO:colcon.colcon_core.shell:Creating prefix chain script '/home/yugo/ros2_ws/src/wheelctrl_ros/install/setup.bash'
[10.331s] INFO:colcon.colcon_core.shell:Creating prefix script '/home/yugo/ros2_ws/src/wheelctrl_ros/install/local_setup.zsh'
[10.331s] INFO:colcon.colcon_core.shell:Creating prefix chain script '/home/yugo/ros2_ws/src/wheelctrl_ros/install/setup.zsh'
