[0.014s] Invoking command in '/home/yugo/ros2_ws/src/wheelctrl_ros/build/general_wheelctrl': CMAKE_PREFIX_PATH=${CMAKE_PREFIX_PATH}:/opt/ros/humble /usr/bin/cmake /home/yugo/ros2_ws/src/wheelctrl_ros/general_wheelctrl -DCMAKE_INSTALL_PREFIX=/home/yugo/ros2_ws/src/wheelctrl_ros/install/general_wheelctrl
[0.020s] -- Found ament_cmake: 1.3.2 (/opt/ros/humble/share/ament_cmake/cmake)
[0.137s] -- Found std_msgs: 4.2.2 (/opt/ros/humble/share/std_msgs/cmake)
[0.292s] -- Found rosidl_generator_c: 3.1.3 (/opt/ros/humble/share/rosidl_generator_c/cmake)
[0.294s] -- Found rosidl_adapter: 3.1.3 (/opt/ros/humble/share/rosidl_adapter/cmake)
[0.299s] -- Found rosidl_generator_cpp: 3.1.3 (/opt/ros/humble/share/rosidl_generator_cpp/cmake)
[0.309s] -- Using all available rosidl_typesupport_c: rosidl_typesupport_fastrtps_c;rosidl_typesupport_introspection_c
[0.322s] -- Using all available rosidl_typesupport_cpp: rosidl_typesupport_fastrtps_cpp;rosidl_typesupport_introspection_cpp
[0.370s] -- Found rclcpp: 16.0.1 (/opt/ros/humble/share/rclcpp/cmake)
[0.410s] -- Found rmw_implementation_cmake: 6.1.0 (/opt/ros/humble/share/rmw_implementation_cmake/cmake)
[0.411s] -- Found rmw_fastrtps_cpp: 6.2.1 (/opt/ros/humble/share/rmw_fastrtps_cpp/cmake)
[6.087s] -- Using RMW implementation 'rmw_fastrtps_cpp' as default
[7.521s] [31mCMake Error at CMakeLists.txt:12 (find_package):
[7.522s]   By not providing "Findrogilink2_interfaces.cmake" in CMAKE_MODULE_PATH this
[7.522s]   project has asked CMake to find a package configuration file provided by
[7.522s]   "rogilink2_interfaces", but CMake did not find one.
[7.522s] 
[7.522s]   Could not find a package configuration file provided by
[7.522s]   "rogilink2_interfaces" with any of the following names:
[7.523s] 
[7.523s]     rogilink2_interfacesConfig.cmake
[7.523s]     rogilink2_interfaces-config.cmake
[7.523s] 
[7.523s]   Add the installation prefix of "rogilink2_interfaces" to CMAKE_PREFIX_PATH
[7.523s]   or set "rogilink2_interfaces_DIR" to a directory containing one of the
[7.523s]   above files.  If "rogilink2_interfaces" provides a separate development
[7.523s]   package or SDK, be sure it has been installed.
[7.523s] 
[7.524s] [0m
[7.524s] -- Configuring incomplete, errors occurred!
[7.524s] See also "/home/yugo/ros2_ws/src/wheelctrl_ros/build/general_wheelctrl/CMakeFiles/CMakeOutput.log".
[7.529s] Invoked command in '/home/yugo/ros2_ws/src/wheelctrl_ros/build/general_wheelctrl' returned '1': CMAKE_PREFIX_PATH=${CMAKE_PREFIX_PATH}:/opt/ros/humble /usr/bin/cmake /home/yugo/ros2_ws/src/wheelctrl_ros/general_wheelctrl -DCMAKE_INSTALL_PREFIX=/home/yugo/ros2_ws/src/wheelctrl_ros/install/general_wheelctrl
