[0.015s] Invoking command in '/home/yugo/ros2_ws/src/wheelctrl_ros/build/general_wheelctrl': CMAKE_PREFIX_PATH=${CMAKE_PREFIX_PATH}:/opt/ros/humble /usr/bin/cmake /home/yugo/ros2_ws/src/wheelctrl_ros/general_wheelctrl -DCMAKE_INSTALL_PREFIX=/home/yugo/ros2_ws/src/wheelctrl_ros/install/general_wheelctrl
[0.152s] -- The C compiler identification is GNU 11.2.0
[0.700s] -- The CXX compiler identification is GNU 11.2.0
[1.089s] -- Detecting C compiler ABI info
[1.240s] -- Detecting C compiler ABI info - done
[1.247s] -- Check for working C compiler: /usr/bin/cc - skipped
[1.248s] -- Detecting C compile features
[1.248s] -- Detecting C compile features - done
[1.251s] -- Detecting CXX compiler ABI info
[1.412s] -- Detecting CXX compiler ABI info - done
[1.419s] -- Check for working CXX compiler: /usr/bin/c++ - skipped
[1.420s] -- Detecting CXX compile features
[1.420s] -- Detecting CXX compile features - done
[1.422s] -- Found ament_cmake: 1.3.2 (/opt/ros/humble/share/ament_cmake/cmake)
[1.555s] -- Found Python3: /usr/bin/python3.10 (found version "3.10.6") found components: Interpreter 
[1.625s] -- Found std_msgs: 4.2.2 (/opt/ros/humble/share/std_msgs/cmake)
[1.802s] -- Found rosidl_generator_c: 3.1.3 (/opt/ros/humble/share/rosidl_generator_c/cmake)
[1.805s] -- Found rosidl_adapter: 3.1.3 (/opt/ros/humble/share/rosidl_adapter/cmake)
[1.812s] -- Found rosidl_generator_cpp: 3.1.3 (/opt/ros/humble/share/rosidl_generator_cpp/cmake)
[1.823s] -- Using all available rosidl_typesupport_c: rosidl_typesupport_fastrtps_c;rosidl_typesupport_introspection_c
[1.839s] -- Using all available rosidl_typesupport_cpp: rosidl_typesupport_fastrtps_cpp;rosidl_typesupport_introspection_cpp
[1.889s] -- Found rclcpp: 16.0.1 (/opt/ros/humble/share/rclcpp/cmake)
[1.936s] -- Found rmw_implementation_cmake: 6.1.0 (/opt/ros/humble/share/rmw_implementation_cmake/cmake)
[1.938s] -- Found rmw_fastrtps_cpp: 6.2.1 (/opt/ros/humble/share/rmw_fastrtps_cpp/cmake)
[3.457s] -- Found OpenSSL: /usr/lib/x86_64-linux-gnu/libcrypto.so (found version "3.0.2")  
[4.955s] -- Found FastRTPS: /opt/ros/humble/include  
[7.713s] -- Using RMW implementation 'rmw_fastrtps_cpp' as default
[9.170s] [31mCMake Error at CMakeLists.txt:12 (find_package):
[9.171s]   By not providing "Findrogilink2_interfaces.cmake" in CMAKE_MODULE_PATH this
[9.171s]   project has asked CMake to find a package configuration file provided by
[9.171s]   "rogilink2_interfaces", but CMake did not find one.
[9.171s] 
[9.171s]   Could not find a package configuration file provided by
[9.171s]   "rogilink2_interfaces" with any of the following names:
[9.171s] 
[9.171s]     rogilink2_interfacesConfig.cmake
[9.171s]     rogilink2_interfaces-config.cmake
[9.171s] 
[9.171s]   Add the installation prefix of "rogilink2_interfaces" to CMAKE_PREFIX_PATH
[9.171s]   or set "rogilink2_interfaces_DIR" to a directory containing one of the
[9.171s]   above files.  If "rogilink2_interfaces" provides a separate development
[9.171s]   package or SDK, be sure it has been installed.
[9.171s] 
[9.171s] [0m
[9.172s] -- Configuring incomplete, errors occurred!
[9.172s] See also "/home/yugo/ros2_ws/src/wheelctrl_ros/build/general_wheelctrl/CMakeFiles/CMakeOutput.log".
[9.179s] Invoked command in '/home/yugo/ros2_ws/src/wheelctrl_ros/build/general_wheelctrl' returned '1': CMAKE_PREFIX_PATH=${CMAKE_PREFIX_PATH}:/opt/ros/humble /usr/bin/cmake /home/yugo/ros2_ws/src/wheelctrl_ros/general_wheelctrl -DCMAKE_INSTALL_PREFIX=/home/yugo/ros2_ws/src/wheelctrl_ros/install/general_wheelctrl
