[0.316s] DEBUG:colcon:Command line arguments: ['/usr/bin/colcon', 'build', '--packages-select', 'general_wheelctrl']
[0.316s] DEBUG:colcon:Parsed command line arguments: Namespace(log_base=None, log_level=None, verb_name='build', build_base='build', install_base='install', merge_install=False, symlink_install=False, test_result_base=None, continue_on_error=False, executor='parallel', parallel_workers=8, event_handlers=None, ignore_user_meta=False, metas=['./colcon.meta'], base_paths=['.'], packages_ignore=None, packages_ignore_regex=None, paths=None, packages_up_to=None, packages_up_to_regex=None, packages_above=None, packages_above_and_dependencies=None, packages_above_depth=None, packages_select_by_dep=None, packages_skip_by_dep=None, packages_skip_up_to=None, packages_select_build_failed=False, packages_skip_build_finished=False, packages_select_test_failures=False, packages_skip_test_passed=False, packages_select=['general_wheelctrl'], packages_skip=None, packages_select_regex=None, packages_skip_regex=None, packages_start=None, packages_end=None, allow_overriding=[], cmake_args=None, cmake_target=None, cmake_target_skip_unavailable=False, cmake_clean_cache=False, cmake_clean_first=False, cmake_force_configure=False, ament_cmake_args=None, catkin_cmake_args=None, catkin_skip_building_tests=False, verb_parser=<colcon_defaults.argument_parser.defaults.DefaultArgumentsDecorator object at 0x7f53c9f5cb20>, verb_extension=<colcon_core.verb.build.BuildVerb object at 0x7f53caa72920>, main=<bound method BuildVerb.main of <colcon_core.verb.build.BuildVerb object at 0x7f53caa72920>>)
[0.334s] Level 1:colcon.colcon_core.package_discovery:discover_packages(colcon_meta) check parameters
[0.334s] Level 1:colcon.colcon_core.package_discovery:discover_packages(recursive) check parameters
[0.334s] Level 1:colcon.colcon_core.package_discovery:discover_packages(ignore) check parameters
[0.334s] Level 1:colcon.colcon_core.package_discovery:discover_packages(path) check parameters
[0.334s] Level 1:colcon.colcon_core.package_discovery:discover_packages(colcon_meta) discover
[0.334s] Level 1:colcon.colcon_core.package_discovery:discover_packages(recursive) discover
[0.334s] INFO:colcon.colcon_core.package_discovery:Crawling recursively for packages in '/home/yugo/ros2_ws/src/wheelctrl_ros'
[0.334s] Level 1:colcon.colcon_core.package_identification:_identify(.) by extensions ['ignore', 'ignore_ament_install']
[0.335s] Level 1:colcon.colcon_core.package_identification:_identify(.) by extension 'ignore'
[0.335s] Level 1:colcon.colcon_core.package_identification:_identify(.) by extension 'ignore_ament_install'
[0.335s] Level 1:colcon.colcon_core.package_identification:_identify(.) by extensions ['colcon_pkg']
[0.335s] Level 1:colcon.colcon_core.package_identification:_identify(.) by extension 'colcon_pkg'
[0.335s] Level 1:colcon.colcon_core.package_identification:_identify(.) by extensions ['colcon_meta']
[0.335s] Level 1:colcon.colcon_core.package_identification:_identify(.) by extension 'colcon_meta'
[0.335s] Level 1:colcon.colcon_core.package_identification:_identify(.) by extensions ['ros']
[0.335s] Level 1:colcon.colcon_core.package_identification:_identify(.) by extension 'ros'
[0.356s] Level 1:colcon.colcon_core.package_identification:_identify(.) by extensions ['cmake', 'python']
[0.356s] Level 1:colcon.colcon_core.package_identification:_identify(.) by extension 'cmake'
[0.356s] Level 1:colcon.colcon_core.package_identification:_identify(.) by extension 'python'
[0.356s] Level 1:colcon.colcon_core.package_identification:_identify(.) by extensions ['python_setup_py']
[0.356s] Level 1:colcon.colcon_core.package_identification:_identify(.) by extension 'python_setup_py'
[0.357s] Level 1:colcon.colcon_core.package_identification:_identify(build) by extensions ['ignore', 'ignore_ament_install']
[0.357s] Level 1:colcon.colcon_core.package_identification:_identify(build) by extension 'ignore'
[0.357s] Level 1:colcon.colcon_core.package_identification:_identify(build) ignored
[0.357s] Level 1:colcon.colcon_core.package_identification:_identify(general_wheelctrl) by extensions ['ignore', 'ignore_ament_install']
[0.357s] Level 1:colcon.colcon_core.package_identification:_identify(general_wheelctrl) by extension 'ignore'
[0.357s] Level 1:colcon.colcon_core.package_identification:_identify(general_wheelctrl) by extension 'ignore_ament_install'
[0.357s] Level 1:colcon.colcon_core.package_identification:_identify(general_wheelctrl) by extensions ['colcon_pkg']
[0.357s] Level 1:colcon.colcon_core.package_identification:_identify(general_wheelctrl) by extension 'colcon_pkg'
[0.357s] Level 1:colcon.colcon_core.package_identification:_identify(general_wheelctrl) by extensions ['colcon_meta']
[0.357s] Level 1:colcon.colcon_core.package_identification:_identify(general_wheelctrl) by extension 'colcon_meta'
[0.357s] Level 1:colcon.colcon_core.package_identification:_identify(general_wheelctrl) by extensions ['ros']
[0.357s] Level 1:colcon.colcon_core.package_identification:_identify(general_wheelctrl) by extension 'ros'
[0.360s] DEBUG:colcon.colcon_core.package_identification:Package 'general_wheelctrl' with type 'ros.ament_cmake' and name 'general_wheelctrl'
[0.361s] Level 1:colcon.colcon_core.package_identification:_identify(install) by extensions ['ignore', 'ignore_ament_install']
[0.361s] Level 1:colcon.colcon_core.package_identification:_identify(install) by extension 'ignore'
[0.361s] Level 1:colcon.colcon_core.package_identification:_identify(install) ignored
[0.361s] Level 1:colcon.colcon_core.package_identification:_identify(log) by extensions ['ignore', 'ignore_ament_install']
[0.361s] Level 1:colcon.colcon_core.package_identification:_identify(log) by extension 'ignore'
[0.361s] Level 1:colcon.colcon_core.package_identification:_identify(log) ignored
[0.361s] Level 1:colcon.colcon_core.package_identification:_identify(measure_wheel_odom_publisher) by extensions ['ignore', 'ignore_ament_install']
[0.361s] Level 1:colcon.colcon_core.package_identification:_identify(measure_wheel_odom_publisher) by extension 'ignore'
[0.361s] Level 1:colcon.colcon_core.package_identification:_identify(measure_wheel_odom_publisher) by extension 'ignore_ament_install'
[0.361s] Level 1:colcon.colcon_core.package_identification:_identify(measure_wheel_odom_publisher) by extensions ['colcon_pkg']
[0.361s] Level 1:colcon.colcon_core.package_identification:_identify(measure_wheel_odom_publisher) by extension 'colcon_pkg'
[0.361s] Level 1:colcon.colcon_core.package_identification:_identify(measure_wheel_odom_publisher) by extensions ['colcon_meta']
[0.361s] Level 1:colcon.colcon_core.package_identification:_identify(measure_wheel_odom_publisher) by extension 'colcon_meta'
[0.361s] Level 1:colcon.colcon_core.package_identification:_identify(measure_wheel_odom_publisher) by extensions ['ros']
[0.361s] Level 1:colcon.colcon_core.package_identification:_identify(measure_wheel_odom_publisher) by extension 'ros'
[0.362s] DEBUG:colcon.colcon_core.package_identification:Package 'measure_wheel_odom_publisher' with type 'ros.catkin' and name 'measure_wheel_odom_publisher'
[0.362s] Level 1:colcon.colcon_core.package_identification:_identify(mecanum_odom_publisher) by extensions ['ignore', 'ignore_ament_install']
[0.362s] Level 1:colcon.colcon_core.package_identification:_identify(mecanum_odom_publisher) by extension 'ignore'
[0.362s] Level 1:colcon.colcon_core.package_identification:_identify(mecanum_odom_publisher) by extension 'ignore_ament_install'
[0.362s] Level 1:colcon.colcon_core.package_identification:_identify(mecanum_odom_publisher) by extensions ['colcon_pkg']
[0.362s] Level 1:colcon.colcon_core.package_identification:_identify(mecanum_odom_publisher) by extension 'colcon_pkg'
[0.362s] Level 1:colcon.colcon_core.package_identification:_identify(mecanum_odom_publisher) by extensions ['colcon_meta']
[0.363s] Level 1:colcon.colcon_core.package_identification:_identify(mecanum_odom_publisher) by extension 'colcon_meta'
[0.363s] Level 1:colcon.colcon_core.package_identification:_identify(mecanum_odom_publisher) by extensions ['ros']
[0.363s] Level 1:colcon.colcon_core.package_identification:_identify(mecanum_odom_publisher) by extension 'ros'
[0.363s] DEBUG:colcon.colcon_core.package_identification:Package 'mecanum_odom_publisher' with type 'ros.catkin' and name 'mecanum_odom_publisher'
[0.363s] Level 1:colcon.colcon_core.package_identification:_identify(mecanum_wheelctrl) by extensions ['ignore', 'ignore_ament_install']
[0.364s] Level 1:colcon.colcon_core.package_identification:_identify(mecanum_wheelctrl) by extension 'ignore'
[0.364s] Level 1:colcon.colcon_core.package_identification:_identify(mecanum_wheelctrl) by extension 'ignore_ament_install'
[0.364s] Level 1:colcon.colcon_core.package_identification:_identify(mecanum_wheelctrl) by extensions ['colcon_pkg']
[0.364s] Level 1:colcon.colcon_core.package_identification:_identify(mecanum_wheelctrl) by extension 'colcon_pkg'
[0.364s] Level 1:colcon.colcon_core.package_identification:_identify(mecanum_wheelctrl) by extensions ['colcon_meta']
[0.364s] Level 1:colcon.colcon_core.package_identification:_identify(mecanum_wheelctrl) by extension 'colcon_meta'
[0.364s] Level 1:colcon.colcon_core.package_identification:_identify(mecanum_wheelctrl) by extensions ['ros']
[0.364s] Level 1:colcon.colcon_core.package_identification:_identify(mecanum_wheelctrl) by extension 'ros'
[0.365s] DEBUG:colcon.colcon_core.package_identification:Package 'mecanum_wheelctrl' with type 'ros.catkin' and name 'mecanum_wheelctrl'
[0.365s] Level 1:colcon.colcon_core.package_identification:_identify(omni_odom_publisher) by extensions ['ignore', 'ignore_ament_install']
[0.365s] Level 1:colcon.colcon_core.package_identification:_identify(omni_odom_publisher) by extension 'ignore'
[0.365s] Level 1:colcon.colcon_core.package_identification:_identify(omni_odom_publisher) by extension 'ignore_ament_install'
[0.365s] Level 1:colcon.colcon_core.package_identification:_identify(omni_odom_publisher) by extensions ['colcon_pkg']
[0.365s] Level 1:colcon.colcon_core.package_identification:_identify(omni_odom_publisher) by extension 'colcon_pkg'
[0.365s] Level 1:colcon.colcon_core.package_identification:_identify(omni_odom_publisher) by extensions ['colcon_meta']
[0.365s] Level 1:colcon.colcon_core.package_identification:_identify(omni_odom_publisher) by extension 'colcon_meta'
[0.365s] Level 1:colcon.colcon_core.package_identification:_identify(omni_odom_publisher) by extensions ['ros']
[0.365s] Level 1:colcon.colcon_core.package_identification:_identify(omni_odom_publisher) by extension 'ros'
[0.366s] DEBUG:colcon.colcon_core.package_identification:Package 'omni_odom_publisher' with type 'ros.catkin' and name 'omni_odom_publisher'
[0.366s] Level 1:colcon.colcon_core.package_identification:_identify(omni_wheelctrl) by extensions ['ignore', 'ignore_ament_install']
[0.366s] Level 1:colcon.colcon_core.package_identification:_identify(omni_wheelctrl) by extension 'ignore'
[0.366s] Level 1:colcon.colcon_core.package_identification:_identify(omni_wheelctrl) by extension 'ignore_ament_install'
[0.366s] Level 1:colcon.colcon_core.package_identification:_identify(omni_wheelctrl) by extensions ['colcon_pkg']
[0.366s] Level 1:colcon.colcon_core.package_identification:_identify(omni_wheelctrl) by extension 'colcon_pkg'
[0.366s] Level 1:colcon.colcon_core.package_identification:_identify(omni_wheelctrl) by extensions ['colcon_meta']
[0.366s] Level 1:colcon.colcon_core.package_identification:_identify(omni_wheelctrl) by extension 'colcon_meta'
[0.366s] Level 1:colcon.colcon_core.package_identification:_identify(omni_wheelctrl) by extensions ['ros']
[0.366s] Level 1:colcon.colcon_core.package_identification:_identify(omni_wheelctrl) by extension 'ros'
[0.367s] DEBUG:colcon.colcon_core.package_identification:Package 'omni_wheelctrl' with type 'ros.catkin' and name 'omni_wheelctrl'
[0.367s] Level 1:colcon.colcon_core.package_identification:_identify(swerve_odom_publisher) by extensions ['ignore', 'ignore_ament_install']
[0.367s] Level 1:colcon.colcon_core.package_identification:_identify(swerve_odom_publisher) by extension 'ignore'
[0.367s] Level 1:colcon.colcon_core.package_identification:_identify(swerve_odom_publisher) by extension 'ignore_ament_install'
[0.367s] Level 1:colcon.colcon_core.package_identification:_identify(swerve_odom_publisher) by extensions ['colcon_pkg']
[0.367s] Level 1:colcon.colcon_core.package_identification:_identify(swerve_odom_publisher) by extension 'colcon_pkg'
[0.368s] Level 1:colcon.colcon_core.package_identification:_identify(swerve_odom_publisher) by extensions ['colcon_meta']
[0.368s] Level 1:colcon.colcon_core.package_identification:_identify(swerve_odom_publisher) by extension 'colcon_meta'
[0.368s] Level 1:colcon.colcon_core.package_identification:_identify(swerve_odom_publisher) by extensions ['ros']
[0.368s] Level 1:colcon.colcon_core.package_identification:_identify(swerve_odom_publisher) by extension 'ros'
[0.368s] DEBUG:colcon.colcon_core.package_identification:Package 'swerve_odom_publisher' with type 'ros.catkin' and name 'swerve_odom_publisher'
[0.368s] Level 1:colcon.colcon_core.package_identification:_identify(swerve_wheelctrl) by extensions ['ignore', 'ignore_ament_install']
[0.369s] Level 1:colcon.colcon_core.package_identification:_identify(swerve_wheelctrl) by extension 'ignore'
[0.369s] Level 1:colcon.colcon_core.package_identification:_identify(swerve_wheelctrl) by extension 'ignore_ament_install'
[0.369s] Level 1:colcon.colcon_core.package_identification:_identify(swerve_wheelctrl) by extensions ['colcon_pkg']
[0.369s] Level 1:colcon.colcon_core.package_identification:_identify(swerve_wheelctrl) by extension 'colcon_pkg'
[0.369s] Level 1:colcon.colcon_core.package_identification:_identify(swerve_wheelctrl) by extensions ['colcon_meta']
[0.369s] Level 1:colcon.colcon_core.package_identification:_identify(swerve_wheelctrl) by extension 'colcon_meta'
[0.369s] Level 1:colcon.colcon_core.package_identification:_identify(swerve_wheelctrl) by extensions ['ros']
[0.369s] Level 1:colcon.colcon_core.package_identification:_identify(swerve_wheelctrl) by extension 'ros'
[0.370s] DEBUG:colcon.colcon_core.package_identification:Package 'swerve_wheelctrl' with type 'ros.catkin' and name 'swerve_wheelctrl'
[0.370s] Level 1:colcon.colcon_core.package_discovery:discover_packages(recursive) using defaults
[0.370s] Level 1:colcon.colcon_core.package_discovery:discover_packages(ignore) discover
[0.370s] Level 1:colcon.colcon_core.package_discovery:discover_packages(ignore) using defaults
[0.370s] Level 1:colcon.colcon_core.package_discovery:discover_packages(path) discover
[0.370s] Level 1:colcon.colcon_core.package_discovery:discover_packages(path) using defaults
[0.388s] INFO:colcon.colcon_core.package_selection:Skipping not selected package 'measure_wheel_odom_publisher' in 'measure_wheel_odom_publisher'
[0.389s] INFO:colcon.colcon_core.package_selection:Skipping not selected package 'mecanum_odom_publisher' in 'mecanum_odom_publisher'
[0.389s] INFO:colcon.colcon_core.package_selection:Skipping not selected package 'mecanum_wheelctrl' in 'mecanum_wheelctrl'
[0.389s] INFO:colcon.colcon_core.package_selection:Skipping not selected package 'omni_odom_publisher' in 'omni_odom_publisher'
[0.389s] INFO:colcon.colcon_core.package_selection:Skipping not selected package 'omni_wheelctrl' in 'omni_wheelctrl'
[0.389s] INFO:colcon.colcon_core.package_selection:Skipping not selected package 'swerve_odom_publisher' in 'swerve_odom_publisher'
[0.389s] INFO:colcon.colcon_core.package_selection:Skipping not selected package 'swerve_wheelctrl' in 'swerve_wheelctrl'
[0.389s] Level 1:colcon.colcon_core.package_discovery:discover_packages(prefix_path) check parameters
[0.389s] Level 1:colcon.colcon_core.package_discovery:discover_packages(prefix_path) discover
[0.391s] DEBUG:colcon.colcon_installed_package_information.package_discovery:Found 1 installed packages in /home/yugo/ros2_ws/src/install
[0.393s] DEBUG:colcon.colcon_installed_package_information.package_discovery:Found 270 installed packages in /opt/ros/humble
[0.394s] Level 1:colcon.colcon_core.package_discovery:discover_packages(prefix_path) using defaults
[0.437s] Level 5:colcon.colcon_core.verb:set package 'general_wheelctrl' build argument 'cmake_args' from command line to 'None'
[0.437s] Level 5:colcon.colcon_core.verb:set package 'general_wheelctrl' build argument 'cmake_target' from command line to 'None'
[0.437s] Level 5:colcon.colcon_core.verb:set package 'general_wheelctrl' build argument 'cmake_target_skip_unavailable' from command line to 'False'
[0.437s] Level 5:colcon.colcon_core.verb:set package 'general_wheelctrl' build argument 'cmake_clean_cache' from command line to 'False'
[0.437s] Level 5:colcon.colcon_core.verb:set package 'general_wheelctrl' build argument 'cmake_clean_first' from command line to 'False'
[0.437s] Level 5:colcon.colcon_core.verb:set package 'general_wheelctrl' build argument 'cmake_force_configure' from command line to 'False'
[0.437s] Level 5:colcon.colcon_core.verb:set package 'general_wheelctrl' build argument 'ament_cmake_args' from command line to 'None'
[0.437s] Level 5:colcon.colcon_core.verb:set package 'general_wheelctrl' build argument 'catkin_cmake_args' from command line to 'None'
[0.438s] Level 5:colcon.colcon_core.verb:set package 'general_wheelctrl' build argument 'catkin_skip_building_tests' from command line to 'False'
[0.438s] DEBUG:colcon.colcon_core.verb:Building package 'general_wheelctrl' with the following arguments: {'ament_cmake_args': None, 'build_base': '/home/yugo/ros2_ws/src/wheelctrl_ros/build/general_wheelctrl', 'catkin_cmake_args': None, 'catkin_skip_building_tests': False, 'cmake_args': None, 'cmake_clean_cache': False, 'cmake_clean_first': False, 'cmake_force_configure': False, 'cmake_target': None, 'cmake_target_skip_unavailable': False, 'install_base': '/home/yugo/ros2_ws/src/wheelctrl_ros/install/general_wheelctrl', 'merge_install': False, 'path': '/home/yugo/ros2_ws/src/wheelctrl_ros/general_wheelctrl', 'symlink_install': False, 'test_result_base': None}
[0.439s] INFO:colcon.colcon_core.executor:Executing jobs using 'parallel' executor
[0.443s] DEBUG:colcon.colcon_parallel_executor.executor.parallel:run_until_complete
[0.443s] INFO:colcon.colcon_ros.task.ament_cmake.build:Building ROS package in '/home/yugo/ros2_ws/src/wheelctrl_ros/general_wheelctrl' with build type 'ament_cmake'
[0.443s] INFO:colcon.colcon_cmake.task.cmake.build:Building CMake package in '/home/yugo/ros2_ws/src/wheelctrl_ros/general_wheelctrl'
[0.448s] INFO:colcon.colcon_core.plugin_system:Skipping extension 'colcon_core.shell.bat': Not used on non-Windows systems
[0.448s] INFO:colcon.colcon_core.shell:Skip shell extension 'powershell' for command environment: Not usable outside of PowerShell
[0.449s] DEBUG:colcon.colcon_core.shell:Skip shell extension 'dsv' for command environment
[0.462s] DEBUG:colcon.colcon_core.event_handler.log_command:Invoking command in '/home/yugo/ros2_ws/src/wheelctrl_ros/build/general_wheelctrl': CMAKE_PREFIX_PATH=${CMAKE_PREFIX_PATH}:/opt/ros/humble /usr/bin/cmake /home/yugo/ros2_ws/src/wheelctrl_ros/general_wheelctrl -DCMAKE_INSTALL_PREFIX=/home/yugo/ros2_ws/src/wheelctrl_ros/install/general_wheelctrl
[7.138s] DEBUG:colcon.colcon_core.event_handler.log_command:Invoked command in '/home/yugo/ros2_ws/src/wheelctrl_ros/build/general_wheelctrl' returned '1': CMAKE_PREFIX_PATH=${CMAKE_PREFIX_PATH}:/opt/ros/humble /usr/bin/cmake /home/yugo/ros2_ws/src/wheelctrl_ros/general_wheelctrl -DCMAKE_INSTALL_PREFIX=/home/yugo/ros2_ws/src/wheelctrl_ros/install/general_wheelctrl
[7.145s] Level 1:colcon.colcon_core.environment:create_environment_scripts_only(general_wheelctrl)
[7.149s] Level 1:colcon.colcon_core.environment:checking '/home/yugo/ros2_ws/src/wheelctrl_ros/install/general_wheelctrl' for CMake module files
[7.149s] Level 1:colcon.colcon_core.environment:checking '/home/yugo/ros2_ws/src/wheelctrl_ros/install/general_wheelctrl' for CMake config files
[7.149s] Level 1:colcon.colcon_core.environment:checking '/home/yugo/ros2_ws/src/wheelctrl_ros/install/general_wheelctrl/bin'
[7.149s] Level 1:colcon.colcon_core.environment:checking '/home/yugo/ros2_ws/src/wheelctrl_ros/install/general_wheelctrl/lib/pkgconfig/general_wheelctrl.pc'
[7.150s] Level 1:colcon.colcon_core.environment:checking '/home/yugo/ros2_ws/src/wheelctrl_ros/install/general_wheelctrl/lib/python3.10/site-packages'
[7.150s] Level 1:colcon.colcon_core.environment:checking '/home/yugo/ros2_ws/src/wheelctrl_ros/install/general_wheelctrl/bin'
[7.151s] INFO:colcon.colcon_core.shell:Creating package script '/home/yugo/ros2_ws/src/wheelctrl_ros/install/general_wheelctrl/share/general_wheelctrl/package.ps1'
[7.152s] INFO:colcon.colcon_core.shell:Creating package descriptor '/home/yugo/ros2_ws/src/wheelctrl_ros/install/general_wheelctrl/share/general_wheelctrl/package.dsv'
[7.152s] INFO:colcon.colcon_core.shell:Creating package script '/home/yugo/ros2_ws/src/wheelctrl_ros/install/general_wheelctrl/share/general_wheelctrl/package.sh'
[7.153s] INFO:colcon.colcon_core.shell:Creating package script '/home/yugo/ros2_ws/src/wheelctrl_ros/install/general_wheelctrl/share/general_wheelctrl/package.bash'
[7.153s] INFO:colcon.colcon_core.shell:Creating package script '/home/yugo/ros2_ws/src/wheelctrl_ros/install/general_wheelctrl/share/general_wheelctrl/package.zsh'
[7.154s] Level 1:colcon.colcon_core.environment:create_file_with_runtime_dependencies(/home/yugo/ros2_ws/src/wheelctrl_ros/install/general_wheelctrl/share/colcon-core/packages/general_wheelctrl)
[7.164s] DEBUG:colcon.colcon_parallel_executor.executor.parallel:closing loop
[7.165s] DEBUG:colcon.colcon_parallel_executor.executor.parallel:loop closed
[7.165s] DEBUG:colcon.colcon_parallel_executor.executor.parallel:run_until_complete finished with '1'
[7.165s] DEBUG:colcon.colcon_core.event_reactor:joining thread
[7.217s] INFO:colcon.colcon_core.plugin_system:Skipping extension 'colcon_notification.desktop_notification.notify_send': Could not find 'notify-send'
[7.217s] INFO:colcon.colcon_core.plugin_system:Skipping extension 'colcon_notification.desktop_notification.terminal_notifier': Not used on non-Darwin systems
[7.217s] INFO:colcon.colcon_core.plugin_system:Skipping extension 'colcon_notification.desktop_notification.win32': Not used on non-Windows systems
[7.217s] INFO:colcon.colcon_notification.desktop_notification:Sending desktop notification using 'notify2'
[7.222s] DEBUG:colcon.colcon_notification.desktop_notification.notify2:Failed to initialize notify2: org.freedesktop.DBus.Error.ServiceUnknown: The name org.freedesktop.Notifications was not provided by any .service files
[7.222s] DEBUG:colcon.colcon_core.event_reactor:joined thread
[7.224s] INFO:colcon.colcon_core.shell:Creating prefix script '/home/yugo/ros2_ws/src/wheelctrl_ros/install/local_setup.ps1'
[7.225s] INFO:colcon.colcon_core.shell:Creating prefix util module '/home/yugo/ros2_ws/src/wheelctrl_ros/install/_local_setup_util_ps1.py'
[7.226s] INFO:colcon.colcon_core.shell:Creating prefix chain script '/home/yugo/ros2_ws/src/wheelctrl_ros/install/setup.ps1'
[7.228s] INFO:colcon.colcon_core.shell:Creating prefix script '/home/yugo/ros2_ws/src/wheelctrl_ros/install/local_setup.sh'
[7.228s] INFO:colcon.colcon_core.shell:Creating prefix util module '/home/yugo/ros2_ws/src/wheelctrl_ros/install/_local_setup_util_sh.py'
[7.229s] INFO:colcon.colcon_core.shell:Creating prefix chain script '/home/yugo/ros2_ws/src/wheelctrl_ros/install/setup.sh'
[7.231s] INFO:colcon.colcon_core.shell:Creating prefix script '/home/yugo/ros2_ws/src/wheelctrl_ros/install/local_setup.bash'
[7.231s] INFO:colcon.colcon_core.shell:Creating prefix chain script '/home/yugo/ros2_ws/src/wheelctrl_ros/install/setup.bash'
[7.233s] INFO:colcon.colcon_core.shell:Creating prefix script '/home/yugo/ros2_ws/src/wheelctrl_ros/install/local_setup.zsh'
[7.234s] INFO:colcon.colcon_core.shell:Creating prefix chain script '/home/yugo/ros2_ws/src/wheelctrl_ros/install/setup.zsh'
