-- Found ament_cmake: 1.3.2 (/opt/ros/humble/share/ament_cmake/cmake)
-- Found std_msgs: 4.2.2 (/opt/ros/humble/share/std_msgs/cmake)
-- Found rosidl_generator_c: 3.1.3 (/opt/ros/humble/share/rosidl_generator_c/cmake)
-- Found rosidl_adapter: 3.1.3 (/opt/ros/humble/share/rosidl_adapter/cmake)
-- Found rosidl_generator_cpp: 3.1.3 (/opt/ros/humble/share/rosidl_generator_cpp/cmake)
-- Using all available rosidl_typesupport_c: rosidl_typesupport_fastrtps_c;rosidl_typesupport_introspection_c
-- Using all available rosidl_typesupport_cpp: rosidl_typesupport_fastrtps_cpp;rosidl_typesupport_introspection_cpp
-- Found rclcpp: 16.0.1 (/opt/ros/humble/share/rclcpp/cmake)
-- Found rmw_implementation_cmake: 6.1.0 (/opt/ros/humble/share/rmw_implementation_cmake/cmake)
-- Found rmw_fastrtps_cpp: 6.2.1 (/opt/ros/humble/share/rmw_fastrtps_cpp/cmake)
-- Using RMW implementation 'rmw_fastrtps_cpp' as default
-- Found ament_lint_auto: 0.12.4 (/opt/ros/humble/share/ament_lint_auto/cmake)
-- Added test 'cppcheck' to perform static code analysis on C / C++ code
-- Configured cppcheck include dirs: 
-- Configured cppcheck exclude dirs and/or files: 
-- Added test 'lint_cmake' to check CMake code style
-- Added test 'uncrustify' to check C / C++ code style
-- Configured uncrustify additional arguments: 
-- Added test 'xmllint' to check XML markup files
-- Configuring done
-- Generating done
-- Build files have been written to: /home/yugo/ros2_ws/src/wheelctrl_ros/build/general_wheelctrl
[ 50%] [32mBuilding CXX object CMakeFiles/general_wheelctrl.dir/src/general_wheelctrl.cpp.o[0m
[100%] [32m[1mLinking CXX executable general_wheelctrl[0m
[100%] Built target general_wheelctrl
-- Install configuration: ""
-- Installing: /home/yugo/ros2_ws/src/wheelctrl_ros/install/general_wheelctrl/lib/general_wheelctrl/general_wheelctrl
-- Set runtime path of "/home/yugo/ros2_ws/src/wheelctrl_ros/install/general_wheelctrl/lib/general_wheelctrl/general_wheelctrl" to ""
-- Installing: /home/yugo/ros2_ws/src/wheelctrl_ros/install/general_wheelctrl/share/ament_index/resource_index/package_run_dependencies/general_wheelctrl
-- Installing: /home/yugo/ros2_ws/src/wheelctrl_ros/install/general_wheelctrl/share/ament_index/resource_index/parent_prefix_path/general_wheelctrl
-- Installing: /home/yugo/ros2_ws/src/wheelctrl_ros/install/general_wheelctrl/share/general_wheelctrl/environment/ament_prefix_path.sh
-- Installing: /home/yugo/ros2_ws/src/wheelctrl_ros/install/general_wheelctrl/share/general_wheelctrl/environment/ament_prefix_path.dsv
-- Installing: /home/yugo/ros2_ws/src/wheelctrl_ros/install/general_wheelctrl/share/general_wheelctrl/environment/path.sh
-- Installing: /home/yugo/ros2_ws/src/wheelctrl_ros/install/general_wheelctrl/share/general_wheelctrl/environment/path.dsv
-- Installing: /home/yugo/ros2_ws/src/wheelctrl_ros/install/general_wheelctrl/share/general_wheelctrl/local_setup.bash
-- Installing: /home/yugo/ros2_ws/src/wheelctrl_ros/install/general_wheelctrl/share/general_wheelctrl/local_setup.sh
-- Installing: /home/yugo/ros2_ws/src/wheelctrl_ros/install/general_wheelctrl/share/general_wheelctrl/local_setup.zsh
-- Installing: /home/yugo/ros2_ws/src/wheelctrl_ros/install/general_wheelctrl/share/general_wheelctrl/local_setup.dsv
-- Installing: /home/yugo/ros2_ws/src/wheelctrl_ros/install/general_wheelctrl/share/general_wheelctrl/package.dsv
-- Installing: /home/yugo/ros2_ws/src/wheelctrl_ros/install/general_wheelctrl/share/ament_index/resource_index/packages/general_wheelctrl
-- Installing: /home/yugo/ros2_ws/src/wheelctrl_ros/install/general_wheelctrl/share/general_wheelctrl/cmake/general_wheelctrlConfig.cmake
-- Installing: /home/yugo/ros2_ws/src/wheelctrl_ros/install/general_wheelctrl/share/general_wheelctrl/cmake/general_wheelctrlConfig-version.cmake
-- Installing: /home/yugo/ros2_ws/src/wheelctrl_ros/install/general_wheelctrl/share/general_wheelctrl/package.xml
