[0.016s] Invoking command in '/home/yugo/ros2_ws/src/wheelctrl_ros/build/general_wheelctrl': CMAKE_PREFIX_PATH=${CMAKE_PREFIX_PATH}:/opt/ros/humble /usr/bin/cmake /home/yugo/ros2_ws/src/wheelctrl_ros/general_wheelctrl -DCMAKE_INSTALL_PREFIX=/home/yugo/ros2_ws/src/wheelctrl_ros/install/general_wheelctrl
[0.022s] -- Found ament_cmake: 1.3.2 (/opt/ros/humble/share/ament_cmake/cmake)
[0.133s] -- Found std_msgs: 4.2.2 (/opt/ros/humble/share/std_msgs/cmake)
[0.296s] -- Found rosidl_generator_c: 3.1.3 (/opt/ros/humble/share/rosidl_generator_c/cmake)
[0.297s] -- Found rosidl_adapter: 3.1.3 (/opt/ros/humble/share/rosidl_adapter/cmake)
[0.304s] -- Found rosidl_generator_cpp: 3.1.3 (/opt/ros/humble/share/rosidl_generator_cpp/cmake)
[0.313s] -- Using all available rosidl_typesupport_c: rosidl_typesupport_fastrtps_c;rosidl_typesupport_introspection_c
[0.325s] -- Using all available rosidl_typesupport_cpp: rosidl_typesupport_fastrtps_cpp;rosidl_typesupport_introspection_cpp
[0.373s] -- Found rclcpp: 16.0.1 (/opt/ros/humble/share/rclcpp/cmake)
[0.413s] -- Found rmw_implementation_cmake: 6.1.0 (/opt/ros/humble/share/rmw_implementation_cmake/cmake)
[0.413s] -- Found rmw_fastrtps_cpp: 6.2.1 (/opt/ros/humble/share/rmw_fastrtps_cpp/cmake)
[6.522s] -- Using RMW implementation 'rmw_fastrtps_cpp' as default
[6.633s] -- Found ament_lint_auto: 0.12.4 (/opt/ros/humble/share/ament_lint_auto/cmake)
[6.690s] -- Added test 'cppcheck' to perform static code analysis on C / C++ code
[6.690s] -- Configured cppcheck include dirs: 
[6.690s] -- Configured cppcheck exclude dirs and/or files: 
[6.690s] -- Added test 'lint_cmake' to check CMake code style
[6.690s] -- Added test 'uncrustify' to check C / C++ code style
[6.691s] -- Configured uncrustify additional arguments: 
[6.691s] -- Added test 'xmllint' to check XML markup files
[6.691s] -- Configuring done
[6.701s] -- Generating done
[6.703s] -- Build files have been written to: /home/yugo/ros2_ws/src/wheelctrl_ros/build/general_wheelctrl
[6.711s] Invoked command in '/home/yugo/ros2_ws/src/wheelctrl_ros/build/general_wheelctrl' returned '0': CMAKE_PREFIX_PATH=${CMAKE_PREFIX_PATH}:/opt/ros/humble /usr/bin/cmake /home/yugo/ros2_ws/src/wheelctrl_ros/general_wheelctrl -DCMAKE_INSTALL_PREFIX=/home/yugo/ros2_ws/src/wheelctrl_ros/install/general_wheelctrl
[6.712s] Invoking command in '/home/yugo/ros2_ws/src/wheelctrl_ros/build/general_wheelctrl': CMAKE_PREFIX_PATH=${CMAKE_PREFIX_PATH}:/opt/ros/humble /usr/bin/cmake --build /home/yugo/ros2_ws/src/wheelctrl_ros/build/general_wheelctrl -- -j8 -l8
[6.748s] [ 50%] [32mBuilding CXX object CMakeFiles/general_wheelctrl.dir/src/general_wheelctrl.cpp.o[0m
[9.516s] [100%] [32m[1mLinking CXX executable general_wheelctrl[0m
[9.725s] [100%] Built target general_wheelctrl
[9.735s] Invoked command in '/home/yugo/ros2_ws/src/wheelctrl_ros/build/general_wheelctrl' returned '0': CMAKE_PREFIX_PATH=${CMAKE_PREFIX_PATH}:/opt/ros/humble /usr/bin/cmake --build /home/yugo/ros2_ws/src/wheelctrl_ros/build/general_wheelctrl -- -j8 -l8
[9.761s] Invoking command in '/home/yugo/ros2_ws/src/wheelctrl_ros/build/general_wheelctrl': CMAKE_PREFIX_PATH=${CMAKE_PREFIX_PATH}:/opt/ros/humble /usr/bin/cmake --install /home/yugo/ros2_ws/src/wheelctrl_ros/build/general_wheelctrl
[9.765s] -- Install configuration: ""
[9.766s] -- Installing: /home/yugo/ros2_ws/src/wheelctrl_ros/install/general_wheelctrl/lib/general_wheelctrl/general_wheelctrl
[9.766s] -- Set runtime path of "/home/yugo/ros2_ws/src/wheelctrl_ros/install/general_wheelctrl/lib/general_wheelctrl/general_wheelctrl" to ""
[9.766s] -- Installing: /home/yugo/ros2_ws/src/wheelctrl_ros/install/general_wheelctrl/share/ament_index/resource_index/package_run_dependencies/general_wheelctrl
[9.767s] -- Installing: /home/yugo/ros2_ws/src/wheelctrl_ros/install/general_wheelctrl/share/ament_index/resource_index/parent_prefix_path/general_wheelctrl
[9.767s] -- Installing: /home/yugo/ros2_ws/src/wheelctrl_ros/install/general_wheelctrl/share/general_wheelctrl/environment/ament_prefix_path.sh
[9.767s] -- Installing: /home/yugo/ros2_ws/src/wheelctrl_ros/install/general_wheelctrl/share/general_wheelctrl/environment/ament_prefix_path.dsv
[9.768s] -- Installing: /home/yugo/ros2_ws/src/wheelctrl_ros/install/general_wheelctrl/share/general_wheelctrl/environment/path.sh
[9.768s] -- Installing: /home/yugo/ros2_ws/src/wheelctrl_ros/install/general_wheelctrl/share/general_wheelctrl/environment/path.dsv
[9.768s] -- Installing: /home/yugo/ros2_ws/src/wheelctrl_ros/install/general_wheelctrl/share/general_wheelctrl/local_setup.bash
[9.768s] -- Installing: /home/yugo/ros2_ws/src/wheelctrl_ros/install/general_wheelctrl/share/general_wheelctrl/local_setup.sh
[9.768s] -- Installing: /home/yugo/ros2_ws/src/wheelctrl_ros/install/general_wheelctrl/share/general_wheelctrl/local_setup.zsh
[9.768s] -- Installing: /home/yugo/ros2_ws/src/wheelctrl_ros/install/general_wheelctrl/share/general_wheelctrl/local_setup.dsv
[9.768s] -- Installing: /home/yugo/ros2_ws/src/wheelctrl_ros/install/general_wheelctrl/share/general_wheelctrl/package.dsv
[9.769s] -- Installing: /home/yugo/ros2_ws/src/wheelctrl_ros/install/general_wheelctrl/share/ament_index/resource_index/packages/general_wheelctrl
[9.769s] -- Installing: /home/yugo/ros2_ws/src/wheelctrl_ros/install/general_wheelctrl/share/general_wheelctrl/cmake/general_wheelctrlConfig.cmake
[9.769s] -- Installing: /home/yugo/ros2_ws/src/wheelctrl_ros/install/general_wheelctrl/share/general_wheelctrl/cmake/general_wheelctrlConfig-version.cmake
[9.769s] -- Installing: /home/yugo/ros2_ws/src/wheelctrl_ros/install/general_wheelctrl/share/general_wheelctrl/package.xml
[9.771s] Invoked command in '/home/yugo/ros2_ws/src/wheelctrl_ros/build/general_wheelctrl' returned '0': CMAKE_PREFIX_PATH=${CMAKE_PREFIX_PATH}:/opt/ros/humble /usr/bin/cmake --install /home/yugo/ros2_ws/src/wheelctrl_ros/build/general_wheelctrl
